[ERROR] 2018-01-10 12:49:50 net.sf.jasperreports.swing.JRViewerPanel@(JRViewerPanel.java:532):Page paint error.
net.sf.jasperreports.engine.util.JRFontNotFoundException: Font "宋体" is not available to the JVM. See the Javadoc for more details.
	at net.sf.jasperreports.engine.fonts.FontUtil.checkAwtFont(FontUtil.java:652)
	at net.sf.jasperreports.engine.util.JRStyledText.getAwtAttributedString(JRStyledText.java:287)
	at net.sf.jasperreports.engine.export.AbstractTextRenderer.render(AbstractTextRenderer.java:256)
	at net.sf.jasperreports.engine.export.draw.TextDrawer.draw(TextDrawer.java:127)
	at net.sf.jasperreports.engine.export.draw.PrintDrawVisitor.visit(PrintDrawVisitor.java:174)
	at net.sf.jasperreports.engine.export.draw.PrintDrawVisitor.visit(PrintDrawVisitor.java:59)
	at net.sf.jasperreports.engine.fill.JRTemplatePrintText.accept(JRTemplatePrintText.java:902)
	at net.sf.jasperreports.engine.export.draw.FrameDrawer.draw(FrameDrawer.java:266)
	at net.sf.jasperreports.engine.export.draw.FrameDrawer.draw(FrameDrawer.java:214)
	at net.sf.jasperreports.engine.export.JRGraphics2DExporter.exportPage(JRGraphics2DExporter.java:343)
	at net.sf.jasperreports.engine.export.JRGraphics2DExporter.exportReportToGraphics2D(JRGraphics2DExporter.java:312)
	at net.sf.jasperreports.engine.export.JRGraphics2DExporter.exportReport(JRGraphics2DExporter.java:229)
	at net.sf.jasperreports.swing.JRViewerPanel.paintPage(JRViewerPanel.java:521)
	at net.sf.jasperreports.swing.JRViewerPanel$PageRenderer.paintComponent(JRViewerPanel.java:611)
	at javax.swing.JComponent.paint(JComponent.java:1056)
	at javax.swing.JComponent.paintChildren(JComponent.java:889)
	at javax.swing.JComponent.paint(JComponent.java:1065)
	at javax.swing.JComponent.paintChildren(JComponent.java:889)
	at javax.swing.JComponent.paint(JComponent.java:1065)
	at javax.swing.JComponent.paintChildren(JComponent.java:889)
	at javax.swing.JComponent.paint(JComponent.java:1065)
	at javax.swing.JComponent.paintChildren(JComponent.java:889)
	at javax.swing.JComponent.paint(JComponent.java:1065)
	at javax.swing.JViewport.paint(JViewport.java:728)
	at javax.swing.JComponent.paintChildren(JComponent.java:889)
	at javax.swing.JComponent.paint(JComponent.java:1065)
	at javax.swing.JComponent.paintChildren(JComponent.java:889)
	at javax.swing.JComponent.paint(JComponent.java:1065)
	at javax.swing.JComponent.paintChildren(JComponent.java:889)
	at javax.swing.JComponent.paint(JComponent.java:1065)
	at javax.swing.JComponent.paintChildren(JComponent.java:889)
	at javax.swing.JComponent.paint(JComponent.java:1065)
	at javax.swing.JComponent.paintChildren(JComponent.java:889)
	at javax.swing.JComponent.paint(JComponent.java:1065)
	at javax.swing.JComponent.paintChildren(JComponent.java:889)
	at javax.swing.JComponent.paint(JComponent.java:1065)
	at javax.swing.JLayeredPane.paint(JLayeredPane.java:586)
	at javax.swing.JComponent.paintChildren(JComponent.java:889)
	at javax.swing.JComponent.paintToOffscreen(JComponent.java:5217)
	at javax.swing.RepaintManager$PaintManager.paintDoubleBuffered(RepaintManager.java:1579)
	at javax.swing.RepaintManager$PaintManager.paint(RepaintManager.java:1502)
	at javax.swing.RepaintManager.paint(RepaintManager.java:1272)
	at javax.swing.JComponent.paint(JComponent.java:1042)
	at java.awt.GraphicsCallback$PaintCallback.run(GraphicsCallback.java:39)
	at sun.awt.SunGraphicsCallback.runOneComponent(SunGraphicsCallback.java:79)
	at sun.awt.SunGraphicsCallback.runComponents(SunGraphicsCallback.java:116)
	at java.awt.Container.paint(Container.java:1975)
	at java.awt.Window.paint(Window.java:3904)
	at javax.swing.RepaintManager$4.run(RepaintManager.java:842)
	at javax.swing.RepaintManager$4.run(RepaintManager.java:814)
	at java.security.AccessController.doPrivileged(Native Method)
	at java.security.ProtectionDomain$JavaSecurityAccessImpl.doIntersectionPrivilege(ProtectionDomain.java:80)
	at javax.swing.RepaintManager.paintDirtyRegions(RepaintManager.java:814)
	at javax.swing.RepaintManager.paintDirtyRegions(RepaintManager.java:789)
	at javax.swing.RepaintManager.prePaintDirtyRegions(RepaintManager.java:738)
	at javax.swing.RepaintManager.access$1200(RepaintManager.java:64)
	at javax.swing.RepaintManager$ProcessingRunnable.run(RepaintManager.java:1732)
	at java.awt.event.InvocationEvent.dispatch(InvocationEvent.java:311)
	at java.awt.EventQueue.dispatchEventImpl(EventQueue.java:756)
	at java.awt.EventQueue.access$500(EventQueue.java:97)
	at java.awt.EventQueue$3.run(EventQueue.java:709)
	at java.awt.EventQueue$3.run(EventQueue.java:703)
	at java.security.AccessController.doPrivileged(Native Method)
	at java.security.ProtectionDomain$JavaSecurityAccessImpl.doIntersectionPrivilege(ProtectionDomain.java:80)
	at java.awt.EventQueue.dispatchEvent(EventQueue.java:726)
	at java.awt.EventDispatchThread.pumpOneEventForFilters(EventDispatchThread.java:201)
	at java.awt.EventDispatchThread.pumpEventsForFilter(EventDispatchThread.java:116)
	at java.awt.EventDispatchThread.pumpEventsForHierarchy(EventDispatchThread.java:105)
	at java.awt.EventDispatchThread.pumpEvents(EventDispatchThread.java:101)
	at java.awt.EventDispatchThread.pumpEvents(EventDispatchThread.java:93)
	at java.awt.EventDispatchThread.run(EventDispatchThread.java:82)
[ERROR] 2018-01-10 12:53:44 net.sf.jasperreports.swing.JRViewerPanel@(JRViewerPanel.java:532):Page paint error.
net.sf.jasperreports.engine.util.JRFontNotFoundException: Font "宋体" is not available to the JVM. See the Javadoc for more details.
	at net.sf.jasperreports.engine.fonts.FontUtil.checkAwtFont(FontUtil.java:652)
	at net.sf.jasperreports.engine.util.JRStyledText.getAwtAttributedString(JRStyledText.java:287)
	at net.sf.jasperreports.engine.export.AbstractTextRenderer.render(AbstractTextRenderer.java:256)
	at net.sf.jasperreports.engine.export.draw.TextDrawer.draw(TextDrawer.java:127)
	at net.sf.jasperreports.engine.export.draw.PrintDrawVisitor.visit(PrintDrawVisitor.java:174)
	at net.sf.jasperreports.engine.export.draw.PrintDrawVisitor.visit(PrintDrawVisitor.java:59)
	at net.sf.jasperreports.engine.fill.JRTemplatePrintText.accept(JRTemplatePrintText.java:902)
	at net.sf.jasperreports.engine.export.draw.FrameDrawer.draw(FrameDrawer.java:266)
	at net.sf.jasperreports.engine.export.draw.FrameDrawer.draw(FrameDrawer.java:214)
	at net.sf.jasperreports.engine.export.JRGraphics2DExporter.exportPage(JRGraphics2DExporter.java:343)
	at net.sf.jasperreports.engine.export.JRGraphics2DExporter.exportReportToGraphics2D(JRGraphics2DExporter.java:312)
	at net.sf.jasperreports.engine.export.JRGraphics2DExporter.exportReport(JRGraphics2DExporter.java:229)
	at net.sf.jasperreports.swing.JRViewerPanel.paintPage(JRViewerPanel.java:521)
	at net.sf.jasperreports.swing.JRViewerPanel$PageRenderer.paintComponent(JRViewerPanel.java:611)
	at javax.swing.JComponent.paint(JComponent.java:1056)
	at javax.swing.JComponent.paintChildren(JComponent.java:889)
	at javax.swing.JComponent.paint(JComponent.java:1065)
	at javax.swing.JComponent.paintChildren(JComponent.java:889)
	at javax.swing.JComponent.paint(JComponent.java:1065)
	at javax.swing.JComponent.paintChildren(JComponent.java:889)
	at javax.swing.JComponent.paint(JComponent.java:1065)
	at javax.swing.JComponent.paintChildren(JComponent.java:889)
	at javax.swing.JComponent.paint(JComponent.java:1065)
	at javax.swing.JViewport.paint(JViewport.java:728)
	at javax.swing.JComponent.paintChildren(JComponent.java:889)
	at javax.swing.JComponent.paint(JComponent.java:1065)
	at javax.swing.JComponent.paintChildren(JComponent.java:889)
	at javax.swing.JComponent.paint(JComponent.java:1065)
	at javax.swing.JComponent.paintChildren(JComponent.java:889)
	at javax.swing.JComponent.paint(JComponent.java:1065)
	at javax.swing.JComponent.paintChildren(JComponent.java:889)
	at javax.swing.JComponent.paint(JComponent.java:1065)
	at javax.swing.JComponent.paintChildren(JComponent.java:889)
	at javax.swing.JComponent.paint(JComponent.java:1065)
	at javax.swing.JComponent.paintChildren(JComponent.java:889)
	at javax.swing.JComponent.paint(JComponent.java:1065)
	at javax.swing.JLayeredPane.paint(JLayeredPane.java:586)
	at javax.swing.JComponent.paintChildren(JComponent.java:889)
	at javax.swing.JComponent.paintToOffscreen(JComponent.java:5217)
	at javax.swing.RepaintManager$PaintManager.paintDoubleBuffered(RepaintManager.java:1579)
	at javax.swing.RepaintManager$PaintManager.paint(RepaintManager.java:1502)
	at javax.swing.RepaintManager.paint(RepaintManager.java:1272)
	at javax.swing.JComponent.paint(JComponent.java:1042)
	at java.awt.GraphicsCallback$PaintCallback.run(GraphicsCallback.java:39)
	at sun.awt.SunGraphicsCallback.runOneComponent(SunGraphicsCallback.java:79)
	at sun.awt.SunGraphicsCallback.runComponents(SunGraphicsCallback.java:116)
	at java.awt.Container.paint(Container.java:1975)
	at java.awt.Window.paint(Window.java:3904)
	at javax.swing.RepaintManager$4.run(RepaintManager.java:842)
	at javax.swing.RepaintManager$4.run(RepaintManager.java:814)
	at java.security.AccessController.doPrivileged(Native Method)
	at java.security.ProtectionDomain$JavaSecurityAccessImpl.doIntersectionPrivilege(ProtectionDomain.java:80)
	at javax.swing.RepaintManager.paintDirtyRegions(RepaintManager.java:814)
	at javax.swing.RepaintManager.paintDirtyRegions(RepaintManager.java:789)
	at javax.swing.RepaintManager.prePaintDirtyRegions(RepaintManager.java:738)
	at javax.swing.RepaintManager.access$1200(RepaintManager.java:64)
	at javax.swing.RepaintManager$ProcessingRunnable.run(RepaintManager.java:1732)
	at java.awt.event.InvocationEvent.dispatch(InvocationEvent.java:311)
	at java.awt.EventQueue.dispatchEventImpl(EventQueue.java:756)
	at java.awt.EventQueue.access$500(EventQueue.java:97)
	at java.awt.EventQueue$3.run(EventQueue.java:709)
	at java.awt.EventQueue$3.run(EventQueue.java:703)
	at java.security.AccessController.doPrivileged(Native Method)
	at java.security.ProtectionDomain$JavaSecurityAccessImpl.doIntersectionPrivilege(ProtectionDomain.java:80)
	at java.awt.EventQueue.dispatchEvent(EventQueue.java:726)
	at java.awt.EventDispatchThread.pumpOneEventForFilters(EventDispatchThread.java:201)
	at java.awt.EventDispatchThread.pumpEventsForFilter(EventDispatchThread.java:116)
	at java.awt.EventDispatchThread.pumpEventsForHierarchy(EventDispatchThread.java:105)
	at java.awt.EventDispatchThread.pumpEvents(EventDispatchThread.java:101)
	at java.awt.EventDispatchThread.pumpEvents(EventDispatchThread.java:93)
	at java.awt.EventDispatchThread.run(EventDispatchThread.java:82)
[ERROR] 2018-01-10 12:55:42 net.sf.jasperreports.swing.JRViewerPanel@(JRViewerPanel.java:532):Page paint error.
net.sf.jasperreports.engine.util.JRFontNotFoundException: Font "宋体" is not available to the JVM. See the Javadoc for more details.
	at net.sf.jasperreports.engine.fonts.FontUtil.checkAwtFont(FontUtil.java:652)
	at net.sf.jasperreports.engine.util.JRStyledText.getAwtAttributedString(JRStyledText.java:287)
	at net.sf.jasperreports.engine.export.AbstractTextRenderer.render(AbstractTextRenderer.java:256)
	at net.sf.jasperreports.engine.export.draw.TextDrawer.draw(TextDrawer.java:127)
	at net.sf.jasperreports.engine.export.draw.PrintDrawVisitor.visit(PrintDrawVisitor.java:174)
	at net.sf.jasperreports.engine.export.draw.PrintDrawVisitor.visit(PrintDrawVisitor.java:59)
	at net.sf.jasperreports.engine.fill.JRTemplatePrintText.accept(JRTemplatePrintText.java:902)
	at net.sf.jasperreports.engine.export.draw.FrameDrawer.draw(FrameDrawer.java:266)
	at net.sf.jasperreports.engine.export.draw.FrameDrawer.draw(FrameDrawer.java:214)
	at net.sf.jasperreports.engine.export.JRGraphics2DExporter.exportPage(JRGraphics2DExporter.java:343)
	at net.sf.jasperreports.engine.export.JRGraphics2DExporter.exportReportToGraphics2D(JRGraphics2DExporter.java:312)
	at net.sf.jasperreports.engine.export.JRGraphics2DExporter.exportReport(JRGraphics2DExporter.java:229)
	at net.sf.jasperreports.swing.JRViewerPanel.paintPage(JRViewerPanel.java:521)
	at net.sf.jasperreports.swing.JRViewerPanel$PageRenderer.paintComponent(JRViewerPanel.java:611)
	at javax.swing.JComponent.paint(JComponent.java:1056)
	at javax.swing.JComponent.paintChildren(JComponent.java:889)
	at javax.swing.JComponent.paint(JComponent.java:1065)
	at javax.swing.JComponent.paintChildren(JComponent.java:889)
	at javax.swing.JComponent.paint(JComponent.java:1065)
	at javax.swing.JComponent.paintChildren(JComponent.java:889)
	at javax.swing.JComponent.paint(JComponent.java:1065)
	at javax.swing.JComponent.paintChildren(JComponent.java:889)
	at javax.swing.JComponent.paint(JComponent.java:1065)
	at javax.swing.JViewport.paint(JViewport.java:728)
	at javax.swing.JComponent.paintChildren(JComponent.java:889)
	at javax.swing.JComponent.paint(JComponent.java:1065)
	at javax.swing.JComponent.paintChildren(JComponent.java:889)
	at javax.swing.JComponent.paint(JComponent.java:1065)
	at javax.swing.JComponent.paintChildren(JComponent.java:889)
	at javax.swing.JComponent.paint(JComponent.java:1065)
	at javax.swing.JComponent.paintChildren(JComponent.java:889)
	at javax.swing.JComponent.paint(JComponent.java:1065)
	at javax.swing.JComponent.paintChildren(JComponent.java:889)
	at javax.swing.JComponent.paint(JComponent.java:1065)
	at javax.swing.JComponent.paintChildren(JComponent.java:889)
	at javax.swing.JComponent.paint(JComponent.java:1065)
	at javax.swing.JLayeredPane.paint(JLayeredPane.java:586)
	at javax.swing.JComponent.paintChildren(JComponent.java:889)
	at javax.swing.JComponent.paintToOffscreen(JComponent.java:5217)
	at javax.swing.RepaintManager$PaintManager.paintDoubleBuffered(RepaintManager.java:1579)
	at javax.swing.RepaintManager$PaintManager.paint(RepaintManager.java:1502)
	at javax.swing.RepaintManager.paint(RepaintManager.java:1272)
	at javax.swing.JComponent.paint(JComponent.java:1042)
	at java.awt.GraphicsCallback$PaintCallback.run(GraphicsCallback.java:39)
	at sun.awt.SunGraphicsCallback.runOneComponent(SunGraphicsCallback.java:79)
	at sun.awt.SunGraphicsCallback.runComponents(SunGraphicsCallback.java:116)
	at java.awt.Container.paint(Container.java:1975)
	at java.awt.Window.paint(Window.java:3904)
	at javax.swing.RepaintManager$4.run(RepaintManager.java:842)
	at javax.swing.RepaintManager$4.run(RepaintManager.java:814)
	at java.security.AccessController.doPrivileged(Native Method)
	at java.security.ProtectionDomain$JavaSecurityAccessImpl.doIntersectionPrivilege(ProtectionDomain.java:80)
	at javax.swing.RepaintManager.paintDirtyRegions(RepaintManager.java:814)
	at javax.swing.RepaintManager.paintDirtyRegions(RepaintManager.java:789)
	at javax.swing.RepaintManager.prePaintDirtyRegions(RepaintManager.java:738)
	at javax.swing.RepaintManager.access$1200(RepaintManager.java:64)
	at javax.swing.RepaintManager$ProcessingRunnable.run(RepaintManager.java:1732)
	at java.awt.event.InvocationEvent.dispatch(InvocationEvent.java:311)
	at java.awt.EventQueue.dispatchEventImpl(EventQueue.java:756)
	at java.awt.EventQueue.access$500(EventQueue.java:97)
	at java.awt.EventQueue$3.run(EventQueue.java:709)
	at java.awt.EventQueue$3.run(EventQueue.java:703)
	at java.security.AccessController.doPrivileged(Native Method)
	at java.security.ProtectionDomain$JavaSecurityAccessImpl.doIntersectionPrivilege(ProtectionDomain.java:80)
	at java.awt.EventQueue.dispatchEvent(EventQueue.java:726)
	at java.awt.EventDispatchThread.pumpOneEventForFilters(EventDispatchThread.java:201)
	at java.awt.EventDispatchThread.pumpEventsForFilter(EventDispatchThread.java:116)
	at java.awt.EventDispatchThread.pumpEventsForHierarchy(EventDispatchThread.java:105)
	at java.awt.EventDispatchThread.pumpEvents(EventDispatchThread.java:101)
	at java.awt.EventDispatchThread.pumpEvents(EventDispatchThread.java:93)
	at java.awt.EventDispatchThread.run(EventDispatchThread.java:82)
[ERROR] 2018-01-10 13:42:00 net.sf.jasperreports.swing.JRViewerPanel@(JRViewerPanel.java:532):Page paint error.
net.sf.jasperreports.engine.util.JRFontNotFoundException: Font "宋体" is not available to the JVM. See the Javadoc for more details.
	at net.sf.jasperreports.engine.fonts.FontUtil.checkAwtFont(FontUtil.java:652)
	at net.sf.jasperreports.engine.util.JRStyledText.getAwtAttributedString(JRStyledText.java:287)
	at net.sf.jasperreports.engine.export.AbstractTextRenderer.render(AbstractTextRenderer.java:256)
	at net.sf.jasperreports.engine.export.draw.TextDrawer.draw(TextDrawer.java:127)
	at net.sf.jasperreports.engine.export.draw.PrintDrawVisitor.visit(PrintDrawVisitor.java:174)
	at net.sf.jasperreports.engine.export.draw.PrintDrawVisitor.visit(PrintDrawVisitor.java:59)
	at net.sf.jasperreports.engine.fill.JRTemplatePrintText.accept(JRTemplatePrintText.java:902)
	at net.sf.jasperreports.engine.export.draw.FrameDrawer.draw(FrameDrawer.java:266)
	at net.sf.jasperreports.engine.export.draw.FrameDrawer.draw(FrameDrawer.java:214)
	at net.sf.jasperreports.engine.export.JRGraphics2DExporter.exportPage(JRGraphics2DExporter.java:343)
	at net.sf.jasperreports.engine.export.JRGraphics2DExporter.exportReportToGraphics2D(JRGraphics2DExporter.java:312)
	at net.sf.jasperreports.engine.export.JRGraphics2DExporter.exportReport(JRGraphics2DExporter.java:229)
	at net.sf.jasperreports.swing.JRViewerPanel.paintPage(JRViewerPanel.java:521)
	at net.sf.jasperreports.swing.JRViewerPanel$PageRenderer.paintComponent(JRViewerPanel.java:611)
	at javax.swing.JComponent.paint(JComponent.java:1056)
	at javax.swing.JComponent.paintChildren(JComponent.java:889)
	at javax.swing.JComponent.paint(JComponent.java:1065)
	at javax.swing.JComponent.paintChildren(JComponent.java:889)
	at javax.swing.JComponent.paint(JComponent.java:1065)
	at javax.swing.JComponent.paintChildren(JComponent.java:889)
	at javax.swing.JComponent.paint(JComponent.java:1065)
	at javax.swing.JComponent.paintChildren(JComponent.java:889)
	at javax.swing.JComponent.paint(JComponent.java:1065)
	at javax.swing.JViewport.paint(JViewport.java:728)
	at javax.swing.JComponent.paintChildren(JComponent.java:889)
	at javax.swing.JComponent.paint(JComponent.java:1065)
	at javax.swing.JComponent.paintChildren(JComponent.java:889)
	at javax.swing.JComponent.paint(JComponent.java:1065)
	at javax.swing.JComponent.paintChildren(JComponent.java:889)
	at javax.swing.JComponent.paint(JComponent.java:1065)
	at javax.swing.JComponent.paintChildren(JComponent.java:889)
	at javax.swing.JComponent.paint(JComponent.java:1065)
	at javax.swing.JComponent.paintChildren(JComponent.java:889)
	at javax.swing.JComponent.paint(JComponent.java:1065)
	at javax.swing.JComponent.paintChildren(JComponent.java:889)
	at javax.swing.JComponent.paint(JComponent.java:1065)
	at javax.swing.JLayeredPane.paint(JLayeredPane.java:586)
	at javax.swing.JComponent.paintChildren(JComponent.java:889)
	at javax.swing.JComponent.paintToOffscreen(JComponent.java:5217)
	at javax.swing.RepaintManager$PaintManager.paintDoubleBuffered(RepaintManager.java:1579)
	at javax.swing.RepaintManager$PaintManager.paint(RepaintManager.java:1502)
	at javax.swing.RepaintManager.paint(RepaintManager.java:1272)
	at javax.swing.JComponent.paint(JComponent.java:1042)
	at java.awt.GraphicsCallback$PaintCallback.run(GraphicsCallback.java:39)
	at sun.awt.SunGraphicsCallback.runOneComponent(SunGraphicsCallback.java:79)
	at sun.awt.SunGraphicsCallback.runComponents(SunGraphicsCallback.java:116)
	at java.awt.Container.paint(Container.java:1975)
	at java.awt.Window.paint(Window.java:3904)
	at javax.swing.RepaintManager$4.run(RepaintManager.java:842)
	at javax.swing.RepaintManager$4.run(RepaintManager.java:814)
	at java.security.AccessController.doPrivileged(Native Method)
	at java.security.ProtectionDomain$JavaSecurityAccessImpl.doIntersectionPrivilege(ProtectionDomain.java:80)
	at javax.swing.RepaintManager.paintDirtyRegions(RepaintManager.java:814)
	at javax.swing.RepaintManager.paintDirtyRegions(RepaintManager.java:789)
	at javax.swing.RepaintManager.prePaintDirtyRegions(RepaintManager.java:738)
	at javax.swing.RepaintManager.access$1200(RepaintManager.java:64)
	at javax.swing.RepaintManager$ProcessingRunnable.run(RepaintManager.java:1732)
	at java.awt.event.InvocationEvent.dispatch(InvocationEvent.java:311)
	at java.awt.EventQueue.dispatchEventImpl(EventQueue.java:756)
	at java.awt.EventQueue.access$500(EventQueue.java:97)
	at java.awt.EventQueue$3.run(EventQueue.java:709)
	at java.awt.EventQueue$3.run(EventQueue.java:703)
	at java.security.AccessController.doPrivileged(Native Method)
	at java.security.ProtectionDomain$JavaSecurityAccessImpl.doIntersectionPrivilege(ProtectionDomain.java:80)
	at java.awt.EventQueue.dispatchEvent(EventQueue.java:726)
	at java.awt.EventDispatchThread.pumpOneEventForFilters(EventDispatchThread.java:201)
	at java.awt.EventDispatchThread.pumpEventsForFilter(EventDispatchThread.java:116)
	at java.awt.EventDispatchThread.pumpEventsForHierarchy(EventDispatchThread.java:105)
	at java.awt.EventDispatchThread.pumpEvents(EventDispatchThread.java:101)
	at java.awt.EventDispatchThread.pumpEvents(EventDispatchThread.java:93)
	at java.awt.EventDispatchThread.run(EventDispatchThread.java:82)
[ERROR] 2018-01-10 15:52:03 net.sf.jasperreports.swing.JRViewerPanel@(JRViewerPanel.java:532):Page paint error.
net.sf.jasperreports.engine.util.JRFontNotFoundException: Font "宋体" is not available to the JVM. See the Javadoc for more details.
	at net.sf.jasperreports.engine.fonts.FontUtil.checkAwtFont(FontUtil.java:652)
	at net.sf.jasperreports.engine.util.JRStyledText.getAwtAttributedString(JRStyledText.java:287)
	at net.sf.jasperreports.engine.export.AbstractTextRenderer.render(AbstractTextRenderer.java:256)
	at net.sf.jasperreports.engine.export.draw.TextDrawer.draw(TextDrawer.java:127)
	at net.sf.jasperreports.engine.export.draw.PrintDrawVisitor.visit(PrintDrawVisitor.java:174)
	at net.sf.jasperreports.engine.export.draw.PrintDrawVisitor.visit(PrintDrawVisitor.java:59)
	at net.sf.jasperreports.engine.fill.JRTemplatePrintText.accept(JRTemplatePrintText.java:902)
	at net.sf.jasperreports.engine.export.draw.FrameDrawer.draw(FrameDrawer.java:266)
	at net.sf.jasperreports.engine.export.draw.FrameDrawer.draw(FrameDrawer.java:214)
	at net.sf.jasperreports.engine.export.JRGraphics2DExporter.exportPage(JRGraphics2DExporter.java:343)
	at net.sf.jasperreports.engine.export.JRGraphics2DExporter.exportReportToGraphics2D(JRGraphics2DExporter.java:312)
	at net.sf.jasperreports.engine.export.JRGraphics2DExporter.exportReport(JRGraphics2DExporter.java:229)
	at net.sf.jasperreports.swing.JRViewerPanel.paintPage(JRViewerPanel.java:521)
	at net.sf.jasperreports.swing.JRViewerPanel$PageRenderer.paintComponent(JRViewerPanel.java:611)
	at javax.swing.JComponent.paint(JComponent.java:1056)
	at javax.swing.JComponent.paintChildren(JComponent.java:889)
	at javax.swing.JComponent.paint(JComponent.java:1065)
	at javax.swing.JComponent.paintChildren(JComponent.java:889)
	at javax.swing.JComponent.paint(JComponent.java:1065)
	at javax.swing.JComponent.paintChildren(JComponent.java:889)
	at javax.swing.JComponent.paint(JComponent.java:1065)
	at javax.swing.JComponent.paintChildren(JComponent.java:889)
	at javax.swing.JComponent.paint(JComponent.java:1065)
	at javax.swing.JViewport.paint(JViewport.java:728)
	at javax.swing.JComponent.paintChildren(JComponent.java:889)
	at javax.swing.JComponent.paint(JComponent.java:1065)
	at javax.swing.JComponent.paintChildren(JComponent.java:889)
	at javax.swing.JComponent.paint(JComponent.java:1065)
	at javax.swing.JComponent.paintChildren(JComponent.java:889)
	at javax.swing.JComponent.paint(JComponent.java:1065)
	at javax.swing.JComponent.paintChildren(JComponent.java:889)
	at javax.swing.JComponent.paint(JComponent.java:1065)
	at javax.swing.JComponent.paintChildren(JComponent.java:889)
	at javax.swing.JComponent.paint(JComponent.java:1065)
	at javax.swing.JComponent.paintChildren(JComponent.java:889)
	at javax.swing.JComponent.paint(JComponent.java:1065)
	at javax.swing.JLayeredPane.paint(JLayeredPane.java:586)
	at javax.swing.JComponent.paintChildren(JComponent.java:889)
	at javax.swing.JComponent.paintToOffscreen(JComponent.java:5217)
	at javax.swing.RepaintManager$PaintManager.paintDoubleBuffered(RepaintManager.java:1579)
	at javax.swing.RepaintManager$PaintManager.paint(RepaintManager.java:1502)
	at javax.swing.RepaintManager.paint(RepaintManager.java:1272)
	at javax.swing.JComponent.paint(JComponent.java:1042)
	at java.awt.GraphicsCallback$PaintCallback.run(GraphicsCallback.java:39)
	at sun.awt.SunGraphicsCallback.runOneComponent(SunGraphicsCallback.java:79)
	at sun.awt.SunGraphicsCallback.runComponents(SunGraphicsCallback.java:116)
	at java.awt.Container.paint(Container.java:1975)
	at java.awt.Window.paint(Window.java:3904)
	at javax.swing.RepaintManager$4.run(RepaintManager.java:842)
	at javax.swing.RepaintManager$4.run(RepaintManager.java:814)
	at java.security.AccessController.doPrivileged(Native Method)
	at java.security.ProtectionDomain$JavaSecurityAccessImpl.doIntersectionPrivilege(ProtectionDomain.java:80)
	at javax.swing.RepaintManager.paintDirtyRegions(RepaintManager.java:814)
	at javax.swing.RepaintManager.paintDirtyRegions(RepaintManager.java:789)
	at javax.swing.RepaintManager.prePaintDirtyRegions(RepaintManager.java:738)
	at javax.swing.RepaintManager.access$1200(RepaintManager.java:64)
	at javax.swing.RepaintManager$ProcessingRunnable.run(RepaintManager.java:1732)
	at java.awt.event.InvocationEvent.dispatch(InvocationEvent.java:311)
	at java.awt.EventQueue.dispatchEventImpl(EventQueue.java:756)
	at java.awt.EventQueue.access$500(EventQueue.java:97)
	at java.awt.EventQueue$3.run(EventQueue.java:709)
	at java.awt.EventQueue$3.run(EventQueue.java:703)
	at java.security.AccessController.doPrivileged(Native Method)
	at java.security.ProtectionDomain$JavaSecurityAccessImpl.doIntersectionPrivilege(ProtectionDomain.java:80)
	at java.awt.EventQueue.dispatchEvent(EventQueue.java:726)
	at java.awt.EventDispatchThread.pumpOneEventForFilters(EventDispatchThread.java:201)
	at java.awt.EventDispatchThread.pumpEventsForFilter(EventDispatchThread.java:116)
	at java.awt.EventDispatchThread.pumpEventsForHierarchy(EventDispatchThread.java:105)
	at java.awt.EventDispatchThread.pumpEvents(EventDispatchThread.java:101)
	at java.awt.EventDispatchThread.pumpEvents(EventDispatchThread.java:93)
	at java.awt.EventDispatchThread.run(EventDispatchThread.java:82)
[ERROR] 2018-01-11 13:56:00 com.albert.AppContext@(AppContext.java:37):init.error
