[ERROR] 2018-01-14 20:48:40 net.sf.jasperreports.swing.JRViewerPanel@(JRViewerPanel.java:532):Page paint error.
net.sf.jasperreports.engine.util.JRFontNotFoundException: Font "宋体" is not available to the JVM. See the Javadoc for more details.
	at net.sf.jasperreports.engine.fonts.FontUtil.checkAwtFont(FontUtil.java:652)
	at net.sf.jasperreports.engine.util.JRStyledText.getAwtAttributedString(JRStyledText.java:287)
	at net.sf.jasperreports.engine.export.AbstractTextRenderer.render(AbstractTextRenderer.java:256)
	at net.sf.jasperreports.engine.export.draw.TextDrawer.draw(TextDrawer.java:127)
	at net.sf.jasperreports.engine.export.draw.PrintDrawVisitor.visit(PrintDrawVisitor.java:174)
	at net.sf.jasperreports.engine.export.draw.PrintDrawVisitor.visit(PrintDrawVisitor.java:59)
	at net.sf.jasperreports.engine.fill.JRTemplatePrintText.accept(JRTemplatePrintText.java:902)
	at net.sf.jasperreports.engine.export.draw.FrameDrawer.draw(FrameDrawer.java:266)
	at net.sf.jasperreports.engine.export.draw.FrameDrawer.draw(FrameDrawer.java:214)
	at net.sf.jasperreports.engine.export.JRGraphics2DExporter.exportPage(JRGraphics2DExporter.java:343)
	at net.sf.jasperreports.engine.export.JRGraphics2DExporter.exportReportToGraphics2D(JRGraphics2DExporter.java:312)
	at net.sf.jasperreports.engine.export.JRGraphics2DExporter.exportReport(JRGraphics2DExporter.java:229)
	at net.sf.jasperreports.swing.JRViewerPanel.paintPage(JRViewerPanel.java:521)
	at net.sf.jasperreports.swing.JRViewerPanel$PageRenderer.paintComponent(JRViewerPanel.java:611)
	at javax.swing.JComponent.paint(JComponent.java:1055)
	at javax.swing.JComponent.paintChildren(JComponent.java:888)
	at javax.swing.JComponent.paint(JComponent.java:1064)
	at javax.swing.JComponent.paintChildren(JComponent.java:888)
	at javax.swing.JComponent.paint(JComponent.java:1064)
	at javax.swing.JComponent.paintChildren(JComponent.java:888)
	at javax.swing.JComponent.paint(JComponent.java:1064)
	at javax.swing.JComponent.paintChildren(JComponent.java:888)
	at javax.swing.JComponent.paint(JComponent.java:1064)
	at javax.swing.JViewport.paint(JViewport.java:731)
	at javax.swing.JComponent.paintChildren(JComponent.java:888)
	at javax.swing.JComponent.paint(JComponent.java:1064)
	at javax.swing.JComponent.paintChildren(JComponent.java:888)
	at javax.swing.JComponent.paint(JComponent.java:1064)
	at javax.swing.JComponent.paintChildren(JComponent.java:888)
	at javax.swing.JComponent.paint(JComponent.java:1064)
	at javax.swing.JComponent.paintChildren(JComponent.java:888)
	at javax.swing.JComponent.paint(JComponent.java:1064)
	at javax.swing.JComponent.paintChildren(JComponent.java:888)
	at javax.swing.JComponent.paint(JComponent.java:1064)
	at javax.swing.JComponent.paintChildren(JComponent.java:888)
	at javax.swing.JComponent.paint(JComponent.java:1064)
	at javax.swing.JLayeredPane.paint(JLayeredPane.java:585)
	at javax.swing.JComponent.paintChildren(JComponent.java:888)
	at javax.swing.JComponent.paintToOffscreen(JComponent.java:5239)
	at javax.swing.RepaintManager$PaintManager.paintDoubleBuffered(RepaintManager.java:1529)
	at javax.swing.RepaintManager$PaintManager.paint(RepaintManager.java:1452)
	at javax.swing.RepaintManager.paint(RepaintManager.java:1249)
	at javax.swing.JComponent.paint(JComponent.java:1041)
	at java.awt.GraphicsCallback$PaintCallback.run(GraphicsCallback.java:39)
	at sun.awt.SunGraphicsCallback.runOneComponent(SunGraphicsCallback.java:78)
	at sun.awt.SunGraphicsCallback.runComponents(SunGraphicsCallback.java:115)
	at java.awt.Container.paint(Container.java:1967)
	at java.awt.Window.paint(Window.java:3877)
	at javax.swing.RepaintManager$3.run(RepaintManager.java:819)
	at javax.swing.RepaintManager$3.run(RepaintManager.java:796)
	at java.security.AccessController.doPrivileged(Native Method)
	at java.security.ProtectionDomain$1.doIntersectionPrivilege(ProtectionDomain.java:76)
	at javax.swing.RepaintManager.paintDirtyRegions(RepaintManager.java:796)
	at javax.swing.RepaintManager.paintDirtyRegions(RepaintManager.java:769)
	at javax.swing.RepaintManager.prePaintDirtyRegions(RepaintManager.java:718)
	at javax.swing.RepaintManager.access$1100(RepaintManager.java:62)
	at javax.swing.RepaintManager$ProcessingRunnable.run(RepaintManager.java:1677)
	at java.awt.event.InvocationEvent.dispatch(InvocationEvent.java:312)
	at java.awt.EventQueue.dispatchEventImpl(EventQueue.java:745)
	at java.awt.EventQueue.access$300(EventQueue.java:103)
	at java.awt.EventQueue$3.run(EventQueue.java:706)
	at java.awt.EventQueue$3.run(EventQueue.java:704)
	at java.security.AccessController.doPrivileged(Native Method)
	at java.security.ProtectionDomain$1.doIntersectionPrivilege(ProtectionDomain.java:76)
	at java.awt.EventQueue.dispatchEvent(EventQueue.java:715)
	at java.awt.EventDispatchThread.pumpOneEventForFilters(EventDispatchThread.java:242)
	at java.awt.EventDispatchThread.pumpEventsForFilter(EventDispatchThread.java:161)
	at java.awt.EventDispatchThread.pumpEventsForHierarchy(EventDispatchThread.java:150)
	at java.awt.EventDispatchThread.pumpEvents(EventDispatchThread.java:146)
	at java.awt.EventDispatchThread.pumpEvents(EventDispatchThread.java:138)
	at java.awt.EventDispatchThread.run(EventDispatchThread.java:91)
[ERROR] 2018-01-14 20:48:52 net.sf.jasperreports.swing.JRViewerPanel@(JRViewerPanel.java:532):Page paint error.
net.sf.jasperreports.engine.util.JRFontNotFoundException: Font "宋体" is not available to the JVM. See the Javadoc for more details.
	at net.sf.jasperreports.engine.fonts.FontUtil.checkAwtFont(FontUtil.java:652)
	at net.sf.jasperreports.engine.util.JRStyledText.getAwtAttributedString(JRStyledText.java:287)
	at net.sf.jasperreports.engine.export.AbstractTextRenderer.render(AbstractTextRenderer.java:256)
	at net.sf.jasperreports.engine.export.draw.TextDrawer.draw(TextDrawer.java:127)
	at net.sf.jasperreports.engine.export.draw.PrintDrawVisitor.visit(PrintDrawVisitor.java:174)
	at net.sf.jasperreports.engine.export.draw.PrintDrawVisitor.visit(PrintDrawVisitor.java:59)
	at net.sf.jasperreports.engine.fill.JRTemplatePrintText.accept(JRTemplatePrintText.java:902)
	at net.sf.jasperreports.engine.export.draw.FrameDrawer.draw(FrameDrawer.java:266)
	at net.sf.jasperreports.engine.export.draw.FrameDrawer.draw(FrameDrawer.java:214)
	at net.sf.jasperreports.engine.export.JRGraphics2DExporter.exportPage(JRGraphics2DExporter.java:343)
	at net.sf.jasperreports.engine.export.JRGraphics2DExporter.exportReportToGraphics2D(JRGraphics2DExporter.java:312)
	at net.sf.jasperreports.engine.export.JRGraphics2DExporter.exportReport(JRGraphics2DExporter.java:229)
	at net.sf.jasperreports.swing.JRViewerPanel.paintPage(JRViewerPanel.java:521)
	at net.sf.jasperreports.swing.JRViewerPanel$PageRenderer.paintComponent(JRViewerPanel.java:611)
	at javax.swing.JComponent.paint(JComponent.java:1055)
	at javax.swing.JComponent.paintChildren(JComponent.java:888)
	at javax.swing.JComponent.paint(JComponent.java:1064)
	at javax.swing.JComponent.paintChildren(JComponent.java:888)
	at javax.swing.JComponent.paint(JComponent.java:1064)
	at javax.swing.JComponent.paintChildren(JComponent.java:888)
	at javax.swing.JComponent.paint(JComponent.java:1064)
	at javax.swing.JComponent.paintChildren(JComponent.java:888)
	at javax.swing.JComponent.paint(JComponent.java:1064)
	at javax.swing.JViewport.paint(JViewport.java:731)
	at javax.swing.JComponent.paintChildren(JComponent.java:888)
	at javax.swing.JComponent.paint(JComponent.java:1064)
	at javax.swing.JComponent.paintChildren(JComponent.java:888)
	at javax.swing.JComponent.paint(JComponent.java:1064)
	at javax.swing.JComponent.paintChildren(JComponent.java:888)
	at javax.swing.JComponent.paint(JComponent.java:1064)
	at javax.swing.JComponent.paintChildren(JComponent.java:888)
	at javax.swing.JComponent.paint(JComponent.java:1064)
	at javax.swing.JComponent.paintChildren(JComponent.java:888)
	at javax.swing.JComponent.paint(JComponent.java:1064)
	at javax.swing.JComponent.paintChildren(JComponent.java:888)
	at javax.swing.JComponent.paint(JComponent.java:1064)
	at javax.swing.JLayeredPane.paint(JLayeredPane.java:585)
	at javax.swing.JComponent.paintChildren(JComponent.java:888)
	at javax.swing.JComponent.paintToOffscreen(JComponent.java:5239)
	at javax.swing.RepaintManager$PaintManager.paintDoubleBuffered(RepaintManager.java:1529)
	at javax.swing.RepaintManager$PaintManager.paint(RepaintManager.java:1452)
	at javax.swing.RepaintManager.paint(RepaintManager.java:1249)
	at javax.swing.JComponent.paint(JComponent.java:1041)
	at java.awt.GraphicsCallback$PaintCallback.run(GraphicsCallback.java:39)
	at sun.awt.SunGraphicsCallback.runOneComponent(SunGraphicsCallback.java:78)
	at sun.awt.SunGraphicsCallback.runComponents(SunGraphicsCallback.java:115)
	at java.awt.Container.paint(Container.java:1967)
	at java.awt.Window.paint(Window.java:3877)
	at javax.swing.RepaintManager$3.run(RepaintManager.java:819)
	at javax.swing.RepaintManager$3.run(RepaintManager.java:796)
	at java.security.AccessController.doPrivileged(Native Method)
	at java.security.ProtectionDomain$1.doIntersectionPrivilege(ProtectionDomain.java:76)
	at javax.swing.RepaintManager.paintDirtyRegions(RepaintManager.java:796)
	at javax.swing.RepaintManager.paintDirtyRegions(RepaintManager.java:769)
	at javax.swing.RepaintManager.prePaintDirtyRegions(RepaintManager.java:718)
	at javax.swing.RepaintManager.access$1100(RepaintManager.java:62)
	at javax.swing.RepaintManager$ProcessingRunnable.run(RepaintManager.java:1677)
	at java.awt.event.InvocationEvent.dispatch(InvocationEvent.java:312)
	at java.awt.EventQueue.dispatchEventImpl(EventQueue.java:745)
	at java.awt.EventQueue.access$300(EventQueue.java:103)
	at java.awt.EventQueue$3.run(EventQueue.java:706)
	at java.awt.EventQueue$3.run(EventQueue.java:704)
	at java.security.AccessController.doPrivileged(Native Method)
	at java.security.ProtectionDomain$1.doIntersectionPrivilege(ProtectionDomain.java:76)
	at java.awt.EventQueue.dispatchEvent(EventQueue.java:715)
	at java.awt.EventDispatchThread.pumpOneEventForFilters(EventDispatchThread.java:242)
	at java.awt.EventDispatchThread.pumpEventsForFilter(EventDispatchThread.java:161)
	at java.awt.EventDispatchThread.pumpEventsForHierarchy(EventDispatchThread.java:150)
	at java.awt.EventDispatchThread.pumpEvents(EventDispatchThread.java:146)
	at java.awt.EventDispatchThread.pumpEvents(EventDispatchThread.java:138)
	at java.awt.EventDispatchThread.run(EventDispatchThread.java:91)
